PlantHawaii/gradleBuild/outputs/logs/manifest-merger-debug-report.txt
-- Merging decision tree log ---
manifest
ADDED from PlantHawaii-master/PlantHawaii/AndroidManifest.xml:2:1-36:12
MERGED from [org.tensorflow:tensorflow-android:1.12.0] AndroidManifest.xml:2:1-8:12
	package
		ADDED from PlantHawaii-master/PlantHawaii/AndroidManifest.xml:3:5-35
	xmlns:android
		ADDED from PlantHawaii-master/PlantHawaii/AndroidManifest.xml:2:11-69
uses-permission#android.permission.INTERNET
ADDED from PlantHawaii-master/PlantHawaii/AndroidManifest.xml:4:5-67
	android:name
		ADDED from PlantHawaii-master/PlantHawaii/AndroidManifest.xml:4:22-64
application
ADDED from PlantHawaii-master/PlantHawaii/AndroidManifest.xml:5:5-34:19
MERGED from [org.tensorflow:tensorflow-android:1.12.0] AndroidManifest.xml:5:5-6:19
MERGED from [org.tensorflow:tensorflow-android:1.12.0] AndroidManifest.xml:5:5-6:19
	android:supportsRtl
		ADDED from PlantHawaii-master/PlantHawaii/AndroidManifest.xml:11:9-35
	android:label
		ADDED from PlantHawaii-master/PlantHawaii/AndroidManifest.xml:9:9-41
	android:roundIcon
		ADDED from PlantHawaii-master/PlantHawaii/AndroidManifest.xml:10:9-54
	android:icon
		ADDED from PlantHawaii-master/PlantHawaii/AndroidManifest.xml:8:9-43
	android:allowBackup
		ADDED from PlantHawaii-master/PlantHawaii/AndroidManifest.xml:7:9-35
	android:theme
		ADDED from PlantHawaii-master/PlantHawaii/AndroidManifest.xml:12:9-40
activity#hacc2018.planthawaii.ML.ClassifierActivity
ADDED from PlantHawaii-master/PlantHawaii/AndroidManifest.xml:13:9-19:20
	android:screenOrientation
		ADDED from PlantHawaii-master/PlantHawaii/AndroidManifest.xml:16:13-49
	android:label
		ADDED from PlantHawaii-master/PlantHawaii/AndroidManifest.xml:15:13-65
	android:name
		ADDED from PlantHawaii-master/PlantHawaii/AndroidManifest.xml:14:13-50
activity#hacc2018.planthawaii.MainActivity
ADDED from PlantHawaii-master/PlantHawaii/AndroidManifest.xml:21:9-30:20
	android:label
		ADDED from PlantHawaii-master/PlantHawaii/AndroidManifest.xml:23:13-45
	android:theme
		ADDED from PlantHawaii-master/PlantHawaii/AndroidManifest.xml:24:13-56
	android:name
		ADDED from PlantHawaii-master/PlantHawaii/AndroidManifest.xml:22:13-41
intent-filter#android.intent.action.MAIN+android.intent.category.LAUNCHER
ADDED from PlantHawaii-master/PlantHawaii/AndroidManifest.xml:25:13-29:29
action#android.intent.action.MAIN
ADDED from PlantHawaii-master/PlantHawaii/AndroidManifest.xml:26:17-69
	android:name
		ADDED from PlantHawaii-master/PlantHawaii/AndroidManifest.xml:26:25-66
category#android.intent.category.LAUNCHER
ADDED from PlantHawaii-master/PlantHawaii/AndroidManifest.xml:28:17-77
	android:name
		ADDED from PlantHawaii-master/PlantHawaii/AndroidManifest.xml:28:27-74